<?xml version="1.0" encoding="UTF-8" ?>
<testsuite errors="0" failures="0" hostname="tim.moodle.local" name="com.moodle.datacreation.MDLQADT1AddCourse" tests="3" time="11.062" timestamp="2012-05-02T07:51:02">
  <properties>
[...]
</properties>
  <testcase classname="com.moodle.datacreation.MDLQADT1AddCourse" name="login" time="2.599" />
  <testcase classname="com.moodle.datacreation.MDLQADT1AddCourse" name="addCourse" time="4.59" />
  <testcase classname="com.moodle.datacreation.MDLQADT1AddCourse" name="logout" time="0.618" />
  <system-out><![CDATA[]]></system-out>
  <system-err><![CDATA[]]></system-err>
</testsuite>
