<?xml version="1.0" encoding="UTF-8" ?>
<testsuite errors="6" failures="0" hostname="timnsaf" name="com.moodle.test.datacreation.MDLQADT2AddUsers" tests="13" time="881.938" timestamp="2012-07-28T23:44:27">
  <properties>
[...]
</properties>
  <testcase classname="com.moodle.test.datacreation.MDLQADT2AddUsers" name="login" time="17.627" />
  <testcase classname="com.moodle.test.datacreation.MDLQADT2AddUsers" name="addTeacher" time="272.189" />
  <testcase classname="com.moodle.test.datacreation.MDLQADT2AddUsers" name="addFirstStudent" time="171.631" />
  <testcase classname="com.moodle.test.datacreation.MDLQADT2AddUsers" name="addSecondStudent" time="67.261">
    <error message="Cannot click on element (WARNING: The server did not provide any stacktrace information)&#xa;Command duration or timeout: 2.64 seconds&#xa;Build info: version: &apos;2.25.0&apos;, revision: &apos;17482&apos;, time: &apos;2012-07-18 21:08:56&apos;&#xa;System info: os.name: &apos;Windows 7&apos;, os.arch: &apos;x86&apos;, os.version: &apos;6.1&apos;, java.version: &apos;1.7.0_05&apos;&#xa;Driver info: driver.version: RemoteWebDriver&#xa;Session ID: c5334d6c-d194-4fbc-8b3d-5aeec6e33080&#xa;Command duration or timeout: 5.20 seconds&#xa;Build info: version: &apos;2.25.0&apos;, revision: &apos;17482&apos;, time: &apos;2012-07-18 21:08:56&apos;&#xa;System info: os.name: &apos;Linux&apos;, os.arch: &apos;amd64&apos;, os.version: &apos;3.2.0-27-generic&apos;, java.version: &apos;1.6.0_24&apos;&#xa;Driver info: driver.version: RemoteWebDriver&#xa;Session ID: 1343517716926" type="org.openqa.selenium.ElementNotVisibleException">org.openqa.selenium.ElementNotVisibleException: Cannot click on element (WARNING: The server did not provide any stacktrace information)
Command duration or timeout: 2.64 seconds
Build info: version: &apos;2.25.0&apos;, revision: &apos;17482&apos;, time: &apos;2012-07-18 21:08:56&apos;
System info: os.name: &apos;Windows 7&apos;, os.arch: &apos;x86&apos;, os.version: &apos;6.1&apos;, java.version: &apos;1.7.0_05&apos;
Driver info: driver.version: RemoteWebDriver
Session ID: c5334d6c-d194-4fbc-8b3d-5aeec6e33080
Command duration or timeout: 5.20 seconds
Build info: version: &apos;2.25.0&apos;, revision: &apos;17482&apos;, time: &apos;2012-07-18 21:08:56&apos;
System info: os.name: &apos;Linux&apos;, os.arch: &apos;amd64&apos;, os.version: &apos;3.2.0-27-generic&apos;, java.version: &apos;1.6.0_24&apos;
Driver info: driver.version: RemoteWebDriver
Session ID: 1343517716926
	at java.lang.reflect.Constructor.newInstance(Constructor.java:532)
	at org.openqa.selenium.remote.ErrorHandler.createThrowable(ErrorHandler.java:188)
	at org.openqa.selenium.remote.ErrorHandler.throwIfResponseFailed(ErrorHandler.java:145)
	at org.openqa.selenium.remote.RemoteWebDriver.execute(RemoteWebDriver.java:498)
	at org.openqa.selenium.remote.RemoteWebElement.execute(RemoteWebElement.java:244)
	at org.openqa.selenium.remote.RemoteWebElement.click(RemoteWebElement.java:77)
	at com.moodle.testmanager.Navigation.navigateTree4DeepByXpath(Navigation.java:105)
	at com.moodle.testmanager.pageObjectModel.BlockSettings.navigateTreeMenuToAddNewUserPage(BlockSettings.java:70)
	at com.moodle.test.datacreation.MDLQADT2AddUsers.addSecondStudent(MDLQADT2AddUsers.java:115)
Caused by: org.openqa.selenium.remote.ScreenshotException: Screen shot has been taken
Build info: version: &apos;2.25.0&apos;, revision: &apos;17482&apos;, time: &apos;2012-07-18 21:08:56&apos;
System info: os.name: &apos;Linux&apos;, os.arch: &apos;amd64&apos;, os.version: &apos;3.2.0-27-generic&apos;, java.version: &apos;1.6.0_24&apos;
Driver info: driver.version: RemoteWebDriver
	at org.openqa.selenium.remote.ErrorHandler.throwIfResponseFailed(ErrorHandler.java:125)
Caused by: org.openqa.selenium.ElementNotVisibleException: Cannot click on element (WARNING: The server did not provide any stacktrace information)
Command duration or timeout: 2.64 seconds
Build info: version: &apos;2.25.0&apos;, revision: &apos;17482&apos;, time: &apos;2012-07-18 21:08:56&apos;
System info: os.name: &apos;Windows 7&apos;, os.arch: &apos;x86&apos;, os.version: &apos;6.1&apos;, java.version: &apos;1.7.0_05&apos;
Driver info: driver.version: RemoteWebDriver
Session ID: c5334d6c-d194-4fbc-8b3d-5aeec6e33080
Build info: version: &apos;2.25.0&apos;, revision: &apos;17482&apos;, time: &apos;2012-07-18 21:08:56&apos;
System info: os.name: &apos;Linux&apos;, os.arch: &apos;amd64&apos;, os.version: &apos;3.2.0-27-generic&apos;, java.version: &apos;1.6.0_24&apos;
Driver info: driver.version: RemoteWebDriver
	at java.lang.reflect.Constructor.newInstance(Unknown Source)
	at org.openqa.selenium.remote.ErrorHandler.createThrowable(ErrorHandler.java:188)
	at org.openqa.selenium.remote.ErrorHandler.throwIfResponseFailed(ErrorHandler.java:145)
	at org.openqa.selenium.remote.RemoteWebDriver.execute(RemoteWebDriver.java:498)
	at org.openqa.selenium.remote.RemoteWebElement.execute(RemoteWebElement.java:244)
	at org.openqa.selenium.remote.RemoteWebElement.click(RemoteWebElement.java:77)
	at org.openqa.selenium.support.events.EventFiringWebDriver$EventFiringWebElement$1.invoke(EventFiringWebDriver.java:327)
	at $Proxy3.click(Unknown Source)
	at org.openqa.selenium.support.events.EventFiringWebDriver$EventFiringWebElement.click(EventFiringWebDriver.java:340)
	at org.openqa.selenium.remote.server.KnownElements$1.invoke(KnownElements.java:63)
	at $Proxy4.click(Unknown Source)
	at org.openqa.selenium.remote.server.handler.ClickElement.call(ClickElement.java:29)
	at org.openqa.selenium.remote.server.handler.ClickElement.call(ClickElement.java:1)
	at java.util.concurrent.FutureTask$Sync.innerRun(Unknown Source)
	at java.util.concurrent.FutureTask.run(Unknown Source)
	at org.openqa.selenium.remote.server.DefaultSession$1.run(DefaultSession.java:150)
	at java.util.concurrent.ThreadPoolExecutor.runWorker(Unknown Source)
	at java.util.concurrent.ThreadPoolExecutor$Worker.run(Unknown Source)
	at java.lang.Thread.run(Unknown Source)
</error>
  </testcase>
  <testcase classname="com.moodle.test.datacreation.MDLQADT2AddUsers" name="addThirdStudent" time="29.564">
    <error message="Cannot click on element (WARNING: The server did not provide any stacktrace information)&#xa;Command duration or timeout: 681 milliseconds&#xa;Build info: version: &apos;2.25.0&apos;, revision: &apos;17482&apos;, time: &apos;2012-07-18 21:08:56&apos;&#xa;System info: os.name: &apos;Windows 7&apos;, os.arch: &apos;x86&apos;, os.version: &apos;6.1&apos;, java.version: &apos;1.7.0_05&apos;&#xa;Driver info: driver.version: RemoteWebDriver&#xa;Session ID: c5334d6c-d194-4fbc-8b3d-5aeec6e33080&#xa;Command duration or timeout: 2.24 seconds&#xa;Build info: version: &apos;2.25.0&apos;, revision: &apos;17482&apos;, time: &apos;2012-07-18 21:08:56&apos;&#xa;System info: os.name: &apos;Linux&apos;, os.arch: &apos;amd64&apos;, os.version: &apos;3.2.0-27-generic&apos;, java.version: &apos;1.6.0_24&apos;&#xa;Driver info: driver.version: RemoteWebDriver&#xa;Session ID: 1343517716926" type="org.openqa.selenium.ElementNotVisibleException">org.openqa.selenium.ElementNotVisibleException: Cannot click on element (WARNING: The server did not provide any stacktrace information)
Command duration or timeout: 681 milliseconds
Build info: version: &apos;2.25.0&apos;, revision: &apos;17482&apos;, time: &apos;2012-07-18 21:08:56&apos;
System info: os.name: &apos;Windows 7&apos;, os.arch: &apos;x86&apos;, os.version: &apos;6.1&apos;, java.version: &apos;1.7.0_05&apos;
Driver info: driver.version: RemoteWebDriver
Session ID: c5334d6c-d194-4fbc-8b3d-5aeec6e33080
Command duration or timeout: 2.24 seconds
Build info: version: &apos;2.25.0&apos;, revision: &apos;17482&apos;, time: &apos;2012-07-18 21:08:56&apos;
System info: os.name: &apos;Linux&apos;, os.arch: &apos;amd64&apos;, os.version: &apos;3.2.0-27-generic&apos;, java.version: &apos;1.6.0_24&apos;
Driver info: driver.version: RemoteWebDriver
Session ID: 1343517716926
	at java.lang.reflect.Constructor.newInstance(Constructor.java:532)
	at org.openqa.selenium.remote.ErrorHandler.createThrowable(ErrorHandler.java:188)
	at org.openqa.selenium.remote.ErrorHandler.throwIfResponseFailed(ErrorHandler.java:145)
	at org.openqa.selenium.remote.RemoteWebDriver.execute(RemoteWebDriver.java:498)
	at org.openqa.selenium.remote.RemoteWebElement.execute(RemoteWebElement.java:244)
	at org.openqa.selenium.remote.RemoteWebElement.click(RemoteWebElement.java:77)
	at com.moodle.testmanager.Navigation.navigateTree4DeepByXpath(Navigation.java:107)
	at com.moodle.testmanager.pageObjectModel.BlockSettings.navigateTreeMenuToAddNewUserPage(BlockSettings.java:70)
	at com.moodle.test.datacreation.MDLQADT2AddUsers.addThirdStudent(MDLQADT2AddUsers.java:130)
Caused by: org.openqa.selenium.remote.ScreenshotException: Screen shot has been taken
Build info: version: &apos;2.25.0&apos;, revision: &apos;17482&apos;, time: &apos;2012-07-18 21:08:56&apos;
System info: os.name: &apos;Linux&apos;, os.arch: &apos;amd64&apos;, os.version: &apos;3.2.0-27-generic&apos;, java.version: &apos;1.6.0_24&apos;
Driver info: driver.version: RemoteWebDriver
	at org.openqa.selenium.remote.ErrorHandler.throwIfResponseFailed(ErrorHandler.java:125)
Caused by: org.openqa.selenium.ElementNotVisibleException: Cannot click on element (WARNING: The server did not provide any stacktrace information)
Command duration or timeout: 681 milliseconds
Build info: version: &apos;2.25.0&apos;, revision: &apos;17482&apos;, time: &apos;2012-07-18 21:08:56&apos;
System info: os.name: &apos;Windows 7&apos;, os.arch: &apos;x86&apos;, os.version: &apos;6.1&apos;, java.version: &apos;1.7.0_05&apos;
Driver info: driver.version: RemoteWebDriver
Session ID: c5334d6c-d194-4fbc-8b3d-5aeec6e33080
Build info: version: &apos;2.25.0&apos;, revision: &apos;17482&apos;, time: &apos;2012-07-18 21:08:56&apos;
System info: os.name: &apos;Linux&apos;, os.arch: &apos;amd64&apos;, os.version: &apos;3.2.0-27-generic&apos;, java.version: &apos;1.6.0_24&apos;
Driver info: driver.version: RemoteWebDriver
	at java.lang.reflect.Constructor.newInstance(Unknown Source)
	at org.openqa.selenium.remote.ErrorHandler.createThrowable(ErrorHandler.java:188)
	at org.openqa.selenium.remote.ErrorHandler.throwIfResponseFailed(ErrorHandler.java:145)
	at org.openqa.selenium.remote.RemoteWebDriver.execute(RemoteWebDriver.java:498)
	at org.openqa.selenium.remote.RemoteWebElement.execute(RemoteWebElement.java:244)
	at org.openqa.selenium.remote.RemoteWebElement.click(RemoteWebElement.java:77)
	at org.openqa.selenium.support.events.EventFiringWebDriver$EventFiringWebElement$1.invoke(EventFiringWebDriver.java:327)
	at $Proxy3.click(Unknown Source)
	at org.openqa.selenium.support.events.EventFiringWebDriver$EventFiringWebElement.click(EventFiringWebDriver.java:340)
	at org.openqa.selenium.remote.server.KnownElements$1.invoke(KnownElements.java:63)
	at $Proxy4.click(Unknown Source)
	at org.openqa.selenium.remote.server.handler.ClickElement.call(ClickElement.java:29)
	at org.openqa.selenium.remote.server.handler.ClickElement.call(ClickElement.java:1)
	at java.util.concurrent.FutureTask$Sync.innerRun(Unknown Source)
	at java.util.concurrent.FutureTask.run(Unknown Source)
	at org.openqa.selenium.remote.server.DefaultSession$1.run(DefaultSession.java:150)
	at java.util.concurrent.ThreadPoolExecutor.runWorker(Unknown Source)
	at java.util.concurrent.ThreadPoolExecutor$Worker.run(Unknown Source)
	at java.lang.Thread.run(Unknown Source)
</error>
  </testcase>
  <testcase classname="com.moodle.test.datacreation.MDLQADT2AddUsers" name="addFourthStudent" time="9.856">
    <error message="Cannot click on element (WARNING: The server did not provide any stacktrace information)&#xa;Command duration or timeout: 671 milliseconds&#xa;Build info: version: &apos;2.25.0&apos;, revision: &apos;17482&apos;, time: &apos;2012-07-18 21:08:56&apos;&#xa;System info: os.name: &apos;Windows 7&apos;, os.arch: &apos;x86&apos;, os.version: &apos;6.1&apos;, java.version: &apos;1.7.0_05&apos;&#xa;Driver info: driver.version: RemoteWebDriver&#xa;Session ID: c5334d6c-d194-4fbc-8b3d-5aeec6e33080&#xa;Command duration or timeout: 1.97 seconds&#xa;Build info: version: &apos;2.25.0&apos;, revision: &apos;17482&apos;, time: &apos;2012-07-18 21:08:56&apos;&#xa;System info: os.name: &apos;Linux&apos;, os.arch: &apos;amd64&apos;, os.version: &apos;3.2.0-27-generic&apos;, java.version: &apos;1.6.0_24&apos;&#xa;Driver info: driver.version: RemoteWebDriver&#xa;Session ID: 1343517716926" type="org.openqa.selenium.ElementNotVisibleException">org.openqa.selenium.ElementNotVisibleException: Cannot click on element (WARNING: The server did not provide any stacktrace information)
Command duration or timeout: 671 milliseconds
Build info: version: &apos;2.25.0&apos;, revision: &apos;17482&apos;, time: &apos;2012-07-18 21:08:56&apos;
System info: os.name: &apos;Windows 7&apos;, os.arch: &apos;x86&apos;, os.version: &apos;6.1&apos;, java.version: &apos;1.7.0_05&apos;
Driver info: driver.version: RemoteWebDriver
Session ID: c5334d6c-d194-4fbc-8b3d-5aeec6e33080
Command duration or timeout: 1.97 seconds
Build info: version: &apos;2.25.0&apos;, revision: &apos;17482&apos;, time: &apos;2012-07-18 21:08:56&apos;
System info: os.name: &apos;Linux&apos;, os.arch: &apos;amd64&apos;, os.version: &apos;3.2.0-27-generic&apos;, java.version: &apos;1.6.0_24&apos;
Driver info: driver.version: RemoteWebDriver
Session ID: 1343517716926
	at java.lang.reflect.Constructor.newInstance(Constructor.java:532)
	at org.openqa.selenium.remote.ErrorHandler.createThrowable(ErrorHandler.java:188)
	at org.openqa.selenium.remote.ErrorHandler.throwIfResponseFailed(ErrorHandler.java:145)
	at org.openqa.selenium.remote.RemoteWebDriver.execute(RemoteWebDriver.java:498)
	at org.openqa.selenium.remote.RemoteWebElement.execute(RemoteWebElement.java:244)
	at org.openqa.selenium.remote.RemoteWebElement.click(RemoteWebElement.java:77)
	at com.moodle.testmanager.Navigation.navigateTree4DeepByXpath(Navigation.java:105)
	at com.moodle.testmanager.pageObjectModel.BlockSettings.navigateTreeMenuToAddNewUserPage(BlockSettings.java:70)
	at com.moodle.test.datacreation.MDLQADT2AddUsers.addFourthStudent(MDLQADT2AddUsers.java:145)
Caused by: org.openqa.selenium.remote.ScreenshotException: Screen shot has been taken
Build info: version: &apos;2.25.0&apos;, revision: &apos;17482&apos;, time: &apos;2012-07-18 21:08:56&apos;
System info: os.name: &apos;Linux&apos;, os.arch: &apos;amd64&apos;, os.version: &apos;3.2.0-27-generic&apos;, java.version: &apos;1.6.0_24&apos;
Driver info: driver.version: RemoteWebDriver
	at org.openqa.selenium.remote.ErrorHandler.throwIfResponseFailed(ErrorHandler.java:125)
Caused by: org.openqa.selenium.ElementNotVisibleException: Cannot click on element (WARNING: The server did not provide any stacktrace information)
Command duration or timeout: 671 milliseconds
Build info: version: &apos;2.25.0&apos;, revision: &apos;17482&apos;, time: &apos;2012-07-18 21:08:56&apos;
System info: os.name: &apos;Windows 7&apos;, os.arch: &apos;x86&apos;, os.version: &apos;6.1&apos;, java.version: &apos;1.7.0_05&apos;
Driver info: driver.version: RemoteWebDriver
Session ID: c5334d6c-d194-4fbc-8b3d-5aeec6e33080
Build info: version: &apos;2.25.0&apos;, revision: &apos;17482&apos;, time: &apos;2012-07-18 21:08:56&apos;
System info: os.name: &apos;Linux&apos;, os.arch: &apos;amd64&apos;, os.version: &apos;3.2.0-27-generic&apos;, java.version: &apos;1.6.0_24&apos;
Driver info: driver.version: RemoteWebDriver
	at java.lang.reflect.Constructor.newInstance(Unknown Source)
	at org.openqa.selenium.remote.ErrorHandler.createThrowable(ErrorHandler.java:188)
	at org.openqa.selenium.remote.ErrorHandler.throwIfResponseFailed(ErrorHandler.java:145)
	at org.openqa.selenium.remote.RemoteWebDriver.execute(RemoteWebDriver.java:498)
	at org.openqa.selenium.remote.RemoteWebElement.execute(RemoteWebElement.java:244)
	at org.openqa.selenium.remote.RemoteWebElement.click(RemoteWebElement.java:77)
	at org.openqa.selenium.support.events.EventFiringWebDriver$EventFiringWebElement$1.invoke(EventFiringWebDriver.java:327)
	at $Proxy3.click(Unknown Source)
	at org.openqa.selenium.support.events.EventFiringWebDriver$EventFiringWebElement.click(EventFiringWebDriver.java:340)
	at org.openqa.selenium.remote.server.KnownElements$1.invoke(KnownElements.java:63)
	at $Proxy4.click(Unknown Source)
	at org.openqa.selenium.remote.server.handler.ClickElement.call(ClickElement.java:29)
	at org.openqa.selenium.remote.server.handler.ClickElement.call(ClickElement.java:1)
	at java.util.concurrent.FutureTask$Sync.innerRun(Unknown Source)
	at java.util.concurrent.FutureTask.run(Unknown Source)
	at org.openqa.selenium.remote.server.DefaultSession$1.run(DefaultSession.java:150)
	at java.util.concurrent.ThreadPoolExecutor.runWorker(Unknown Source)
	at java.util.concurrent.ThreadPoolExecutor$Worker.run(Unknown Source)
	at java.lang.Thread.run(Unknown Source)
</error>
  </testcase>
  <testcase classname="com.moodle.test.datacreation.MDLQADT2AddUsers" name="addFifthStudent" time="30.275">
    <error message="Element is not displayed (WARNING: The server did not provide any stacktrace information)&#xa;Command duration or timeout: 3.87 seconds&#xa;Build info: version: &apos;2.25.0&apos;, revision: &apos;17482&apos;, time: &apos;2012-07-18 21:08:56&apos;&#xa;System info: os.name: &apos;Windows 7&apos;, os.arch: &apos;x86&apos;, os.version: &apos;6.1&apos;, java.version: &apos;1.7.0_05&apos;&#xa;Driver info: driver.version: RemoteWebDriver&#xa;Session ID: c5334d6c-d194-4fbc-8b3d-5aeec6e33080&#xa;Command duration or timeout: 10.09 seconds&#xa;Build info: version: &apos;2.25.0&apos;, revision: &apos;17482&apos;, time: &apos;2012-07-18 21:08:56&apos;&#xa;System info: os.name: &apos;Linux&apos;, os.arch: &apos;amd64&apos;, os.version: &apos;3.2.0-27-generic&apos;, java.version: &apos;1.6.0_24&apos;&#xa;Driver info: driver.version: RemoteWebDriver&#xa;Session ID: 1343517716926" type="org.openqa.selenium.ElementNotVisibleException">org.openqa.selenium.ElementNotVisibleException: Element is not displayed (WARNING: The server did not provide any stacktrace information)
Command duration or timeout: 3.87 seconds
Build info: version: &apos;2.25.0&apos;, revision: &apos;17482&apos;, time: &apos;2012-07-18 21:08:56&apos;
System info: os.name: &apos;Windows 7&apos;, os.arch: &apos;x86&apos;, os.version: &apos;6.1&apos;, java.version: &apos;1.7.0_05&apos;
Driver info: driver.version: RemoteWebDriver
Session ID: c5334d6c-d194-4fbc-8b3d-5aeec6e33080
Command duration or timeout: 10.09 seconds
Build info: version: &apos;2.25.0&apos;, revision: &apos;17482&apos;, time: &apos;2012-07-18 21:08:56&apos;
System info: os.name: &apos;Linux&apos;, os.arch: &apos;amd64&apos;, os.version: &apos;3.2.0-27-generic&apos;, java.version: &apos;1.6.0_24&apos;
Driver info: driver.version: RemoteWebDriver
Session ID: 1343517716926
	at java.lang.reflect.Constructor.newInstance(Constructor.java:532)
	at org.openqa.selenium.remote.ErrorHandler.createThrowable(ErrorHandler.java:188)
	at org.openqa.selenium.remote.ErrorHandler.throwIfResponseFailed(ErrorHandler.java:145)
	at org.openqa.selenium.remote.RemoteWebDriver.execute(RemoteWebDriver.java:498)
	at org.openqa.selenium.remote.RemoteWebElement.execute(RemoteWebElement.java:244)
	at org.openqa.selenium.remote.RemoteWebElement.sendKeys(RemoteWebElement.java:87)
	at com.moodle.testmanager.pageObjectModel.UsersAddNewUser.enterUsername(UsersAddNewUser.java:45)
	at com.moodle.test.datacreation.MDLQADT2AddUsers.addFifthStudent(MDLQADT2AddUsers.java:162)
Caused by: org.openqa.selenium.remote.ScreenshotException: Screen shot has been taken
Build info: version: &apos;2.25.0&apos;, revision: &apos;17482&apos;, time: &apos;2012-07-18 21:08:56&apos;
System info: os.name: &apos;Linux&apos;, os.arch: &apos;amd64&apos;, os.version: &apos;3.2.0-27-generic&apos;, java.version: &apos;1.6.0_24&apos;
Driver info: driver.version: RemoteWebDriver
	at org.openqa.selenium.remote.ErrorHandler.throwIfResponseFailed(ErrorHandler.java:125)
Caused by: org.openqa.selenium.ElementNotVisibleException: Element is not displayed (WARNING: The server did not provide any stacktrace information)
Command duration or timeout: 3.87 seconds
Build info: version: &apos;2.25.0&apos;, revision: &apos;17482&apos;, time: &apos;2012-07-18 21:08:56&apos;
System info: os.name: &apos;Windows 7&apos;, os.arch: &apos;x86&apos;, os.version: &apos;6.1&apos;, java.version: &apos;1.7.0_05&apos;
Driver info: driver.version: RemoteWebDriver
Session ID: c5334d6c-d194-4fbc-8b3d-5aeec6e33080
Build info: version: &apos;2.25.0&apos;, revision: &apos;17482&apos;, time: &apos;2012-07-18 21:08:56&apos;
System info: os.name: &apos;Linux&apos;, os.arch: &apos;amd64&apos;, os.version: &apos;3.2.0-27-generic&apos;, java.version: &apos;1.6.0_24&apos;
Driver info: driver.version: RemoteWebDriver
	at java.lang.reflect.Constructor.newInstance(Unknown Source)
	at org.openqa.selenium.remote.ErrorHandler.createThrowable(ErrorHandler.java:188)
	at org.openqa.selenium.remote.ErrorHandler.throwIfResponseFailed(ErrorHandler.java:145)
	at org.openqa.selenium.remote.RemoteWebDriver.execute(RemoteWebDriver.java:498)
	at org.openqa.selenium.remote.RemoteWebElement.execute(RemoteWebElement.java:244)
	at org.openqa.selenium.remote.RemoteWebElement.sendKeys(RemoteWebElement.java:87)
	at org.openqa.selenium.support.events.EventFiringWebDriver$EventFiringWebElement$1.invoke(EventFiringWebDriver.java:327)
	at $Proxy3.sendKeys(Unknown Source)
	at org.openqa.selenium.support.events.EventFiringWebDriver$EventFiringWebElement.sendKeys(EventFiringWebDriver.java:350)
	at org.openqa.selenium.remote.server.KnownElements$1.invoke(KnownElements.java:63)
	at $Proxy4.sendKeys(Unknown Source)
	at org.openqa.selenium.remote.server.handler.SendKeys.call(SendKeys.java:49)
	at org.openqa.selenium.remote.server.handler.SendKeys.call(SendKeys.java:1)
	at java.util.concurrent.FutureTask$Sync.innerRun(Unknown Source)
	at java.util.concurrent.FutureTask.run(Unknown Source)
	at org.openqa.selenium.remote.server.DefaultSession$1.run(DefaultSession.java:150)
	at java.util.concurrent.ThreadPoolExecutor.runWorker(Unknown Source)
	at java.util.concurrent.ThreadPoolExecutor$Worker.run(Unknown Source)
	at java.lang.Thread.run(Unknown Source)
</error>
  </testcase>
  <testcase classname="com.moodle.test.datacreation.MDLQADT2AddUsers" name="addSixthStudent" time="60.729" />
  <testcase classname="com.moodle.test.datacreation.MDLQADT2AddUsers" name="addSeventhStudent" time="14.384">
    <error message="Error determining if element is displayed (WARNING: The server did not provide any stacktrace information)&#xa;Command duration or timeout: 8.14 seconds&#xa;Build info: version: &apos;2.25.0&apos;, revision: &apos;17482&apos;, time: &apos;2012-07-18 21:08:56&apos;&#xa;System info: os.name: &apos;Windows 7&apos;, os.arch: &apos;x86&apos;, os.version: &apos;6.1&apos;, java.version: &apos;1.7.0_05&apos;&#xa;Driver info: driver.version: RemoteWebDriver&#xa;Session ID: c5334d6c-d194-4fbc-8b3d-5aeec6e33080&#xa;Command duration or timeout: 11.93 seconds&#xa;Build info: version: &apos;2.25.0&apos;, revision: &apos;17482&apos;, time: &apos;2012-07-18 21:08:56&apos;&#xa;System info: os.name: &apos;Linux&apos;, os.arch: &apos;amd64&apos;, os.version: &apos;3.2.0-27-generic&apos;, java.version: &apos;1.6.0_24&apos;&#xa;Driver info: driver.version: RemoteWebDriver&#xa;Session ID: 1343517716926" type="org.openqa.selenium.WebDriverException">org.openqa.selenium.WebDriverException: Error determining if element is displayed (WARNING: The server did not provide any stacktrace information)
Command duration or timeout: 8.14 seconds
Build info: version: &apos;2.25.0&apos;, revision: &apos;17482&apos;, time: &apos;2012-07-18 21:08:56&apos;
System info: os.name: &apos;Windows 7&apos;, os.arch: &apos;x86&apos;, os.version: &apos;6.1&apos;, java.version: &apos;1.7.0_05&apos;
Driver info: driver.version: RemoteWebDriver
Session ID: c5334d6c-d194-4fbc-8b3d-5aeec6e33080
Command duration or timeout: 11.93 seconds
Build info: version: &apos;2.25.0&apos;, revision: &apos;17482&apos;, time: &apos;2012-07-18 21:08:56&apos;
System info: os.name: &apos;Linux&apos;, os.arch: &apos;amd64&apos;, os.version: &apos;3.2.0-27-generic&apos;, java.version: &apos;1.6.0_24&apos;
Driver info: driver.version: RemoteWebDriver
Session ID: 1343517716926
	at java.lang.reflect.Constructor.newInstance(Constructor.java:532)
	at org.openqa.selenium.remote.ErrorHandler.createThrowable(ErrorHandler.java:188)
	at org.openqa.selenium.remote.ErrorHandler.throwIfResponseFailed(ErrorHandler.java:145)
	at org.openqa.selenium.remote.RemoteWebDriver.execute(RemoteWebDriver.java:498)
	at org.openqa.selenium.remote.RemoteWebElement.execute(RemoteWebElement.java:244)
	at org.openqa.selenium.remote.RemoteWebElement.isDisplayed(RemoteWebElement.java:293)
	at com.moodle.testmanager.Navigation.navigateTree4DeepByXpath(Navigation.java:91)
	at com.moodle.testmanager.pageObjectModel.BlockSettings.navigateTreeMenuToAddNewUserPage(BlockSettings.java:70)
	at com.moodle.test.datacreation.MDLQADT2AddUsers.addSeventhStudent(MDLQADT2AddUsers.java:190)
Caused by: org.openqa.selenium.remote.ScreenshotException: Screen shot has been taken
Build info: version: &apos;2.25.0&apos;, revision: &apos;17482&apos;, time: &apos;2012-07-18 21:08:56&apos;
System info: os.name: &apos;Linux&apos;, os.arch: &apos;amd64&apos;, os.version: &apos;3.2.0-27-generic&apos;, java.version: &apos;1.6.0_24&apos;
Driver info: driver.version: RemoteWebDriver
	at org.openqa.selenium.remote.ErrorHandler.throwIfResponseFailed(ErrorHandler.java:125)
Caused by: org.openqa.selenium.WebDriverException: Error determining if element is displayed (WARNING: The server did not provide any stacktrace information)
Command duration or timeout: 8.14 seconds
Build info: version: &apos;2.25.0&apos;, revision: &apos;17482&apos;, time: &apos;2012-07-18 21:08:56&apos;
System info: os.name: &apos;Windows 7&apos;, os.arch: &apos;x86&apos;, os.version: &apos;6.1&apos;, java.version: &apos;1.7.0_05&apos;
Driver info: driver.version: RemoteWebDriver
Session ID: c5334d6c-d194-4fbc-8b3d-5aeec6e33080
Build info: version: &apos;2.25.0&apos;, revision: &apos;17482&apos;, time: &apos;2012-07-18 21:08:56&apos;
System info: os.name: &apos;Linux&apos;, os.arch: &apos;amd64&apos;, os.version: &apos;3.2.0-27-generic&apos;, java.version: &apos;1.6.0_24&apos;
Driver info: driver.version: RemoteWebDriver
	at java.lang.reflect.Constructor.newInstance(Unknown Source)
	at org.openqa.selenium.remote.ErrorHandler.createThrowable(ErrorHandler.java:188)
	at org.openqa.selenium.remote.ErrorHandler.throwIfResponseFailed(ErrorHandler.java:145)
	at org.openqa.selenium.remote.RemoteWebDriver.execute(RemoteWebDriver.java:498)
	at org.openqa.selenium.remote.RemoteWebElement.execute(RemoteWebElement.java:244)
	at org.openqa.selenium.remote.RemoteWebElement.isDisplayed(RemoteWebElement.java:293)
	at org.openqa.selenium.support.events.EventFiringWebDriver$EventFiringWebElement$1.invoke(EventFiringWebDriver.java:327)
	at $Proxy3.isDisplayed(Unknown Source)
	at org.openqa.selenium.support.events.EventFiringWebDriver$EventFiringWebElement.isDisplayed(EventFiringWebDriver.java:381)
	at org.openqa.selenium.remote.server.KnownElements$1.invoke(KnownElements.java:63)
	at $Proxy4.isDisplayed(Unknown Source)
	at org.openqa.selenium.remote.server.handler.GetElementDisplayed.call(GetElementDisplayed.java:31)
	at org.openqa.selenium.remote.server.handler.GetElementDisplayed.call(GetElementDisplayed.java:1)
	at java.util.concurrent.FutureTask$Sync.innerRun(Unknown Source)
	at java.util.concurrent.FutureTask.run(Unknown Source)
	at org.openqa.selenium.remote.server.DefaultSession$1.run(DefaultSession.java:150)
	at java.util.concurrent.ThreadPoolExecutor.runWorker(Unknown Source)
	at java.util.concurrent.ThreadPoolExecutor$Worker.run(Unknown Source)
	at java.lang.Thread.run(Unknown Source)
</error>
  </testcase>
  <testcase classname="com.moodle.test.datacreation.MDLQADT2AddUsers" name="addEighthStudent" time="60.778" />
  <testcase classname="com.moodle.test.datacreation.MDLQADT2AddUsers" name="addNinthStudent" time="43.906" />
  <testcase classname="com.moodle.test.datacreation.MDLQADT2AddUsers" name="addTenthStudent" time="12.441">
    <error message="Element is no longer valid (WARNING: The server did not provide any stacktrace information)&#xa;Command duration or timeout: 1.30 seconds&#xa;For documentation on this error, please visit: http://seleniumhq.org/exceptions/stale_element_reference.html&#xa;Build info: version: &apos;2.25.0&apos;, revision: &apos;17482&apos;, time: &apos;2012-07-18 21:08:56&apos;&#xa;System info: os.name: &apos;Windows 7&apos;, os.arch: &apos;x86&apos;, os.version: &apos;6.1&apos;, java.version: &apos;1.7.0_05&apos;&#xa;Driver info: driver.version: RemoteWebDriver&#xa;Session ID: c5334d6c-d194-4fbc-8b3d-5aeec6e33080&#xa;Command duration or timeout: 4.53 seconds&#xa;For documentation on this error, please visit: http://seleniumhq.org/exceptions/stale_element_reference.html&#xa;Build info: version: &apos;2.25.0&apos;, revision: &apos;17482&apos;, time: &apos;2012-07-18 21:08:56&apos;&#xa;System info: os.name: &apos;Linux&apos;, os.arch: &apos;amd64&apos;, os.version: &apos;3.2.0-27-generic&apos;, java.version: &apos;1.6.0_24&apos;&#xa;Driver info: driver.version: RemoteWebDriver&#xa;Session ID: 1343517716926" type="org.openqa.selenium.StaleElementReferenceException">org.openqa.selenium.StaleElementReferenceException: Element is no longer valid (WARNING: The server did not provide any stacktrace information)
Command duration or timeout: 1.30 seconds
For documentation on this error, please visit: http://seleniumhq.org/exceptions/stale_element_reference.html
Build info: version: &apos;2.25.0&apos;, revision: &apos;17482&apos;, time: &apos;2012-07-18 21:08:56&apos;
System info: os.name: &apos;Windows 7&apos;, os.arch: &apos;x86&apos;, os.version: &apos;6.1&apos;, java.version: &apos;1.7.0_05&apos;
Driver info: driver.version: RemoteWebDriver
Session ID: c5334d6c-d194-4fbc-8b3d-5aeec6e33080
Command duration or timeout: 4.53 seconds
For documentation on this error, please visit: http://seleniumhq.org/exceptions/stale_element_reference.html
Build info: version: &apos;2.25.0&apos;, revision: &apos;17482&apos;, time: &apos;2012-07-18 21:08:56&apos;
System info: os.name: &apos;Linux&apos;, os.arch: &apos;amd64&apos;, os.version: &apos;3.2.0-27-generic&apos;, java.version: &apos;1.6.0_24&apos;
Driver info: driver.version: RemoteWebDriver
Session ID: 1343517716926
	at java.lang.reflect.Constructor.newInstance(Constructor.java:532)
	at org.openqa.selenium.remote.ErrorHandler.createThrowable(ErrorHandler.java:188)
	at org.openqa.selenium.remote.ErrorHandler.throwIfResponseFailed(ErrorHandler.java:145)
	at org.openqa.selenium.remote.RemoteWebDriver.execute(RemoteWebDriver.java:498)
	at org.openqa.selenium.remote.RemoteWebElement.execute(RemoteWebElement.java:244)
	at org.openqa.selenium.remote.RemoteWebElement.isDisplayed(RemoteWebElement.java:293)
	at com.moodle.testmanager.Navigation.navigateTree4DeepByXpath(Navigation.java:91)
	at com.moodle.testmanager.pageObjectModel.BlockSettings.navigateTreeMenuToAddNewUserPage(BlockSettings.java:70)
	at com.moodle.test.datacreation.MDLQADT2AddUsers.addTenthStudent(MDLQADT2AddUsers.java:235)
Caused by: org.openqa.selenium.remote.ScreenshotException: Screen shot has been taken
Build info: version: &apos;2.25.0&apos;, revision: &apos;17482&apos;, time: &apos;2012-07-18 21:08:56&apos;
System info: os.name: &apos;Linux&apos;, os.arch: &apos;amd64&apos;, os.version: &apos;3.2.0-27-generic&apos;, java.version: &apos;1.6.0_24&apos;
Driver info: driver.version: RemoteWebDriver
	at org.openqa.selenium.remote.ErrorHandler.throwIfResponseFailed(ErrorHandler.java:125)
Caused by: org.openqa.selenium.StaleElementReferenceException: Element is no longer valid (WARNING: The server did not provide any stacktrace information)
Command duration or timeout: 1.30 seconds
For documentation on this error, please visit: http://seleniumhq.org/exceptions/stale_element_reference.html
Build info: version: &apos;2.25.0&apos;, revision: &apos;17482&apos;, time: &apos;2012-07-18 21:08:56&apos;
System info: os.name: &apos;Windows 7&apos;, os.arch: &apos;x86&apos;, os.version: &apos;6.1&apos;, java.version: &apos;1.7.0_05&apos;
Driver info: driver.version: RemoteWebDriver
Session ID: c5334d6c-d194-4fbc-8b3d-5aeec6e33080
For documentation on this error, please visit: http://seleniumhq.org/exceptions/stale_element_reference.html
Build info: version: &apos;2.25.0&apos;, revision: &apos;17482&apos;, time: &apos;2012-07-18 21:08:56&apos;
System info: os.name: &apos;Linux&apos;, os.arch: &apos;amd64&apos;, os.version: &apos;3.2.0-27-generic&apos;, java.version: &apos;1.6.0_24&apos;
Driver info: driver.version: RemoteWebDriver
	at java.lang.reflect.Constructor.newInstance(Unknown Source)
	at org.openqa.selenium.remote.ErrorHandler.createThrowable(ErrorHandler.java:188)
	at org.openqa.selenium.remote.ErrorHandler.throwIfResponseFailed(ErrorHandler.java:145)
	at org.openqa.selenium.remote.RemoteWebDriver.execute(RemoteWebDriver.java:498)
	at org.openqa.selenium.remote.RemoteWebElement.execute(RemoteWebElement.java:244)
	at org.openqa.selenium.remote.RemoteWebElement.isDisplayed(RemoteWebElement.java:293)
	at org.openqa.selenium.support.events.EventFiringWebDriver$EventFiringWebElement$1.invoke(EventFiringWebDriver.java:327)
	at $Proxy3.isDisplayed(Unknown Source)
	at org.openqa.selenium.support.events.EventFiringWebDriver$EventFiringWebElement.isDisplayed(EventFiringWebDriver.java:381)
	at org.openqa.selenium.remote.server.KnownElements$1.invoke(KnownElements.java:63)
	at $Proxy4.isDisplayed(Unknown Source)
	at org.openqa.selenium.remote.server.handler.GetElementDisplayed.call(GetElementDisplayed.java:31)
	at org.openqa.selenium.remote.server.handler.GetElementDisplayed.call(GetElementDisplayed.java:1)
	at java.util.concurrent.FutureTask$Sync.innerRun(Unknown Source)
	at java.util.concurrent.FutureTask.run(Unknown Source)
	at org.openqa.selenium.remote.server.DefaultSession$1.run(DefaultSession.java:150)
	at java.util.concurrent.ThreadPoolExecutor.runWorker(Unknown Source)
	at java.util.concurrent.ThreadPoolExecutor$Worker.run(Unknown Source)
	at java.lang.Thread.run(Unknown Source)
</error>
  </testcase>
  <testcase classname="com.moodle.test.datacreation.MDLQADT2AddUsers" name="addEleventhStudent" time="46.001" />
  <system-out><![CDATA[]]></system-out>
  <system-err><![CDATA[]]></system-err>
</testsuite>
